<?xml version="1.0" encoding="UTF-8"?>
<testng-results ignored="0" total="1" passed="1" failed="0" skipped="0">
  <reporter-output>
  </reporter-output>
  <suite started-at="2023-09-06T09:20:35Z" name="Practice Suite" finished-at="2023-09-06T09:24:55Z" duration-ms="259764">
    <groups>
    </groups>
    <test started-at="2023-09-06T09:20:35Z" name="Test Basics 1" finished-at="2023-09-06T09:24:55Z" duration-ms="259764">
      <class name="com.web.doc.testscripts.login">
        <test-method is-config="true" signature="createReportFolder()[pri:0, instance:com.web.doc.testscripts.login@eadd4fb]" started-at="2023-09-06T09:20:34Z" name="createReportFolder" finished-at="2023-09-06T09:20:35Z" duration-ms="794" status="PASS">
          <reporter-output>
          </reporter-output>
        </test-method> <!-- createReportFolder -->
        <test-method is-config="true" signature="beforeTest()[pri:0, instance:com.web.doc.testscripts.login@eadd4fb]" started-at="2023-09-06T09:20:35Z" name="beforeTest" finished-at="2023-09-06T09:20:40Z" duration-ms="5277" status="PASS">
          <reporter-output>
          </reporter-output>
        </test-method> <!-- beforeTest -->
        <test-method is-config="true" signature="beforeclass()[pri:0, instance:com.web.doc.testscripts.login@eadd4fb]" started-at="2023-09-06T09:20:40Z" name="beforeclass" finished-at="2023-09-06T09:20:40Z" duration-ms="4" status="PASS">
          <reporter-output>
          </reporter-output>
        </test-method> <!-- beforeclass -->
        <test-method is-config="true" signature="beforeMethod(java.lang.reflect.Method)[pri:0, instance:com.web.doc.testscripts.login@eadd4fb]" started-at="2023-09-06T09:20:48Z" name="beforeMethod" finished-at="2023-09-06T09:20:48Z" duration-ms="16" status="PASS">
          <params>
            <param index="0">
              <value>
                <![CDATA[public void com.web.doc.testscripts.login.TC_001_doc_web_LoginPage(com.web.configuration.utility.TestData)]]>
              </value>
            </param>
          </params>
          <reporter-output>
          </reporter-output>
        </test-method> <!-- beforeMethod -->
        <test-method signature="TC_001_doc_web_LoginPage(com.web.configuration.utility.TestData)[pri:1, instance:com.web.doc.testscripts.login@eadd4fb]" started-at="2023-09-06T09:20:48Z" name="TC_001_doc_web_LoginPage" description="Verify that login page is displayed with all details" data-provider="getData" finished-at="2023-09-06T09:24:38Z" duration-ms="230545" status="PASS">
          <params>
            <param index="0">
              <value>
                <![CDATA[com.web.configuration.utility.TestData@66565121]]>
              </value>
            </param>
          </params>
          <reporter-output>
          </reporter-output>
        </test-method> <!-- TC_001_doc_web_LoginPage -->
        <test-method is-config="true" signature="getResult(org.testng.ITestResult)[pri:0, instance:com.web.doc.testscripts.login@eadd4fb]" started-at="2023-09-06T09:24:38Z" name="getResult" finished-at="2023-09-06T09:24:38Z" duration-ms="86" status="PASS">
          <params>
            <param index="0">
              <value>
                <![CDATA[[TestResult name=TC_001_doc_web_LoginPage status=SUCCESS method=login.TC_001_doc_web_LoginPage(com.web.configuration.utility.TestData)[pri:1, instance:com.web.doc.testscripts.login@eadd4fb] output={null}]]]>
              </value>
            </param>
          </params>
          <reporter-output>
          </reporter-output>
        </test-method> <!-- getResult -->
        <test-method is-config="true" signature="afterTest()[pri:0, instance:com.web.doc.testscripts.login@eadd4fb]" started-at="2023-09-06T09:24:38Z" name="afterTest" finished-at="2023-09-06T09:24:55Z" duration-ms="16291" status="PASS">
          <reporter-output>
          </reporter-output>
        </test-method> <!-- afterTest -->
        <test-method is-config="true" signature="afterSuite()[pri:0, instance:com.web.doc.testscripts.login@eadd4fb]" started-at="2023-09-06T09:24:55Z" name="afterSuite" finished-at="2023-09-06T09:25:02Z" duration-ms="6642" status="PASS">
          <reporter-output>
          </reporter-output>
        </test-method> <!-- afterSuite -->
      </class> <!-- com.web.doc.testscripts.login -->
    </test> <!-- Test Basics 1 -->
  </suite> <!-- Practice Suite -->
</testng-results>
